0 info it worked if it ends with ok
1 verbose cli [ '/Users/walker/.nvm/versions/node/v7.6.0/bin/node',
1 verbose cli   '/Users/walker/.nvm/versions/node/v7.6.0/bin/npm',
1 verbose cli   'run',
1 verbose cli   'version:quick' ]
2 info using npm@4.1.2
3 info using node@v7.6.0
4 verbose run-script [ 'preversion:quick', 'version:quick', 'postversion:quick' ]
5 info lifecycle unlim@1.0.14~preversion:quick: unlim@1.0.14
6 silly lifecycle unlim@1.0.14~preversion:quick: no script for preversion:quick, continuing
7 info lifecycle unlim@1.0.14~version:quick: unlim@1.0.14
8 verbose lifecycle unlim@1.0.14~version:quick: unsafe-perm in lifecycle true
9 verbose lifecycle unlim@1.0.14~version:quick: PATH: /Users/walker/.nvm/versions/node/v7.6.0/lib/node_modules/npm/bin/node-gyp-bin:/Users/walker/Desktop/unlimited/unlim/node_modules/.bin:/usr/local/sbin:/Users/walker/.nvm/versions/node/v7.6.0/bin:/Users/walker/google-cloud-sdk/bin:/opt/local/bin:/opt/local/sbin:/Users/walker/.rbenv/shims:/Library/Frameworks/Python.framework/Versions/3.6/bin:/Users/walker/.rvm/gems/ruby-2.4.0/bin:/Users/walker/.rvm/gems/ruby-2.4.0@global/bin:/Users/walker/.rvm/rubies/ruby-2.4.0/bin:/usr/local/bin:/usr/bin:/bin:/usr/sbin:/sbin:/Applications/Postgres.app/Contents/Versions/latest/bin:/Users/walker/.rvm/bin
10 verbose lifecycle unlim@1.0.14~version:quick: CWD: /Users/walker/Desktop/unlimited/unlim
11 silly lifecycle unlim@1.0.14~version:quick: Args: [ '-c',
11 silly lifecycle   'git add . ; git commit -m \'updates\' ; git push && git push --tags && npm publish && npm version patch' ]
12 silly lifecycle unlim@1.0.14~version:quick: Returned: code: 1  signal: null
13 info lifecycle unlim@1.0.14~version:quick: Failed to exec version:quick script
14 verbose stack Error: unlim@1.0.14 version:quick: `git add . ; git commit -m 'updates' ; git push && git push --tags && npm publish && npm version patch`
14 verbose stack Exit status 1
14 verbose stack     at EventEmitter.<anonymous> (/Users/walker/.nvm/versions/node/v7.6.0/lib/node_modules/npm/lib/utils/lifecycle.js:279:16)
14 verbose stack     at emitTwo (events.js:106:13)
14 verbose stack     at EventEmitter.emit (events.js:192:7)
14 verbose stack     at ChildProcess.<anonymous> (/Users/walker/.nvm/versions/node/v7.6.0/lib/node_modules/npm/lib/utils/spawn.js:40:14)
14 verbose stack     at emitTwo (events.js:106:13)
14 verbose stack     at ChildProcess.emit (events.js:192:7)
14 verbose stack     at maybeClose (internal/child_process.js:890:16)
14 verbose stack     at Process.ChildProcess._handle.onexit (internal/child_process.js:226:5)
15 verbose pkgid unlim@1.0.14
16 verbose cwd /Users/walker/Desktop/unlimited/unlim
17 error Darwin 16.7.0
18 error argv "/Users/walker/.nvm/versions/node/v7.6.0/bin/node" "/Users/walker/.nvm/versions/node/v7.6.0/bin/npm" "run" "version:quick"
19 error node v7.6.0
20 error npm  v4.1.2
21 error code ELIFECYCLE
22 error unlim@1.0.14 version:quick: `git add . ; git commit -m 'updates' ; git push && git push --tags && npm publish && npm version patch`
22 error Exit status 1
23 error Failed at the unlim@1.0.14 version:quick script 'git add . ; git commit -m 'updates' ; git push && git push --tags && npm publish && npm version patch'.
23 error Make sure you have the latest version of node.js and npm installed.
23 error If you do, this is most likely a problem with the unlim package,
23 error not with npm itself.
23 error Tell the author that this fails on your system:
23 error     git add . ; git commit -m 'updates' ; git push && git push --tags && npm publish && npm version patch
23 error You can get information on how to open an issue for this project with:
23 error     npm bugs unlim
23 error Or if that isn't available, you can get their info via:
23 error     npm owner ls unlim
23 error There is likely additional logging output above.
24 verbose exit [ 1, true ]
